Arguments: 
  D:\nodev14\node.exe C:\Users\yu.shi1\AppData\Roaming\npm\node_modules\yarn\bin\yarn.js add react-dom-router

PATH: 
  C:\Windows\system32;C:\Windows;C:\Windows\System32\Wbem;C:\Windows\System32\WindowsPowerShell\v1.0\;C:\Windows\System32\OpenSSH\;D:\nodev14\;D:\Git\cmd;D:\nodev14;E:\mysql-8.0.25-winx64\bin;D:\mingw64\bin;E:\TortoiseGit\bin;D:\Python3_9;D:\sqlite3;D:\miniconda;D:\miniconda\Library\mingw-w64\bin;D:\miniconda\Library\usr\bin;D:\miniconda\Library\bin;D:\miniconda\Scripts;C:\Users\yu.shi1\AppData\Local\Microsoft\WindowsApps;C:\Users\yu.shi1\AppData\Roaming\npm;D:\Microsoft VS Code\bin

Yarn version: 
  1.22.10

Node version: 
  14.17.0

Platform: 
  win32 x64

Trace: 
  Error: http://npm.zhaogangren.com/react-dom-router: no such package available
      at Request.params.callback [as _callback] (C:\Users\yu.shi1\AppData\Roaming\npm\node_modules\yarn\lib\cli.js:66988:18)
      at Request.self.callback (C:\Users\yu.shi1\AppData\Roaming\npm\node_modules\yarn\lib\cli.js:140662:22)
      at Request.emit (events.js:376:20)
      at Request.<anonymous> (C:\Users\yu.shi1\AppData\Roaming\npm\node_modules\yarn\lib\cli.js:141634:10)
      at Request.emit (events.js:376:20)
      at IncomingMessage.<anonymous> (C:\Users\yu.shi1\AppData\Roaming\npm\node_modules\yarn\lib\cli.js:141556:12)
      at Object.onceWrapper (events.js:482:28)
      at IncomingMessage.emit (events.js:388:22)
      at endReadableNT (internal/streams/readable.js:1336:12)
      at processTicksAndRejections (internal/process/task_queues.js:82:21)

npm manifest: 
  {
    "name": "coffeclient",
    "version": "0.0.0",
    "scripts": {
      "dev": "vite",
      "build": "tsc && vite build",
      "serve": "vite preview"
    },
    "dependencies": {
      "antd-mobile": "^2.3.4",
      "react": "^17.0.0",
      "react-dom": "^17.0.0"
    },
    "devDependencies": {
      "@types/react": "^17.0.0",
      "@types/react-dom": "^17.0.0",
      "@vitejs/plugin-react-refresh": "^1.3.1",
      "typescript": "^4.3.2",
      "vite": "^2.5.4"
    }
  }

yarn manifest: 
  No manifest

Lockfile: 
  # THIS IS AN AUTOGENERATED FILE. DO NOT EDIT THIS FILE DIRECTLY.
  # yarn lockfile v1
  
  
  "@babel/code-frame@^7.14.5":
    version "7.14.5"
    resolved "http://npm.zhaogangren.com/@babel%2fcode-frame/-/code-frame-7.14.5.tgz#23b08d740e83f49c5e59945fbf1b43e80bbf4edb"
    integrity sha1-I7CNdA6D9JxeWZRfvxtD6Au/Tts=
    dependencies:
      "@babel/highlight" "^7.14.5"
  
  "@babel/compat-data@^7.15.0":
    version "7.15.0"
    resolved "http://npm.zhaogangren.com/@babel%2fcompat-data/-/compat-data-7.15.0.tgz#2dbaf8b85334796cafbb0f5793a90a2fc010b176"
    integrity sha1-Lbr4uFM0eWyvuw9Xk6kKL8AQsXY=
  
  "@babel/core@^7.14.8":
    version "7.15.5"
    resolved "http://npm.zhaogangren.com/@babel%2fcore/-/core-7.15.5.tgz#f8ed9ace730722544609f90c9bb49162dc3bf5b9"
    integrity sha1-+O2aznMHIlRGCfkMm7SRYtw79bk=
    dependencies:
      "@babel/code-frame" "^7.14.5"
      "@babel/generator" "^7.15.4"
      "@babel/helper-compilation-targets" "^7.15.4"
      "@babel/helper-module-transforms" "^7.15.4"
      "@babel/helpers" "^7.15.4"
      "@babel/parser" "^7.15.5"
      "@babel/template" "^7.15.4"
      "@babel/traverse" "^7.15.4"
      "@babel/types" "^7.15.4"
      convert-source-map "^1.7.0"
      debug "^4.1.0"
      gensync "^1.0.0-beta.2"
      json5 "^2.1.2"
      semver "^6.3.0"
      source-map "^0.5.0"
  
  "@babel/generator@^7.15.4":
    version "7.15.4"
    resolved "http://npm.zhaogangren.com/@babel%2fgenerator/-/generator-7.15.4.tgz#85acb159a267ca6324f9793986991ee2022a05b0"
    integrity sha1-hayxWaJnymMk+Xk5hpke4gIqBbA=
    dependencies:
      "@babel/types" "^7.15.4"
      jsesc "^2.5.1"
      source-map "^0.5.0"
  
  "@babel/helper-compilation-targets@^7.15.4":
    version "7.15.4"
    resolved "http://npm.zhaogangren.com/@babel%2fhelper-compilation-targets/-/helper-compilation-targets-7.15.4.tgz#cf6d94f30fbefc139123e27dd6b02f65aeedb7b9"
    integrity sha1-z22U8w++/BORI+J91rAvZa7tt7k=
    dependencies:
      "@babel/compat-data" "^7.15.0"
      "@babel/helper-validator-option" "^7.14.5"
      browserslist "^4.16.6"
      semver "^6.3.0"
  
  "@babel/helper-function-name@^7.15.4":
    version "7.15.4"
    resolved "http://npm.zhaogangren.com/@babel%2fhelper-function-name/-/helper-function-name-7.15.4.tgz#845744dafc4381a4a5fb6afa6c3d36f98a787ebc"
    integrity sha1-hFdE2vxDgaSl+2r6bD02+Yp4frw=
    dependencies:
      "@babel/helper-get-function-arity" "^7.15.4"
      "@babel/template" "^7.15.4"
      "@babel/types" "^7.15.4"
  
  "@babel/helper-get-function-arity@^7.15.4":
    version "7.15.4"
    resolved "http://npm.zhaogangren.com/@babel%2fhelper-get-function-arity/-/helper-get-function-arity-7.15.4.tgz#098818934a137fce78b536a3e015864be1e2879b"
    integrity sha1-CYgYk0oTf854tTaj4BWGS+Hih5s=
    dependencies:
      "@babel/types" "^7.15.4"
  
  "@babel/helper-hoist-variables@^7.15.4":
    version "7.15.4"
    resolved "http://npm.zhaogangren.com/@babel%2fhelper-hoist-variables/-/helper-hoist-variables-7.15.4.tgz#09993a3259c0e918f99d104261dfdfc033f178df"
    integrity sha1-CZk6MlnA6Rj5nRBCYd/fwDPxeN8=
    dependencies:
      "@babel/types" "^7.15.4"
  
  "@babel/helper-member-expression-to-functions@^7.15.4":
    version "7.15.4"
    resolved "http://npm.zhaogangren.com/@babel%2fhelper-member-expression-to-functions/-/helper-member-expression-to-functions-7.15.4.tgz#bfd34dc9bba9824a4658b0317ec2fd571a51e6ef"
    integrity sha1-v9NNybupgkpGWLAxfsL9VxpR5u8=
    dependencies:
      "@babel/types" "^7.15.4"
  
  "@babel/helper-module-imports@^7.15.4":
    version "7.15.4"
    resolved "http://npm.zhaogangren.com/@babel%2fhelper-module-imports/-/helper-module-imports-7.15.4.tgz#e18007d230632dea19b47853b984476e7b4e103f"
    integrity sha1-4YAH0jBjLeoZtHhTuYRHbntOED8=
    dependencies:
      "@babel/types" "^7.15.4"
  
  "@babel/helper-module-transforms@^7.15.4":
    version "7.15.4"
    resolved "http://npm.zhaogangren.com/@babel%2fhelper-module-transforms/-/helper-module-transforms-7.15.4.tgz#962cc629a7f7f9a082dd62d0307fa75fe8788d7c"
    integrity sha1-lizGKaf3+aCC3WLQMH+nX+h4jXw=
    dependencies:
      "@babel/helper-module-imports" "^7.15.4"
      "@babel/helper-replace-supers" "^7.15.4"
      "@babel/helper-simple-access" "^7.15.4"
      "@babel/helper-split-export-declaration" "^7.15.4"
      "@babel/helper-validator-identifier" "^7.14.9"
      "@babel/template" "^7.15.4"
      "@babel/traverse" "^7.15.4"
      "@babel/types" "^7.15.4"
  
  "@babel/helper-optimise-call-expression@^7.15.4":
    version "7.15.4"
    resolved "http://npm.zhaogangren.com/@babel%2fhelper-optimise-call-expression/-/helper-optimise-call-expression-7.15.4.tgz#f310a5121a3b9cc52d9ab19122bd729822dee171"
    integrity sha1-8xClEho7nMUtmrGRIr1ymCLe4XE=
    dependencies:
      "@babel/types" "^7.15.4"
  
  "@babel/helper-plugin-utils@^7.14.5":
    version "7.14.5"
    resolved "http://npm.zhaogangren.com/@babel%2fhelper-plugin-utils/-/helper-plugin-utils-7.14.5.tgz#5ac822ce97eec46741ab70a517971e443a70c5a9"
    integrity sha1-WsgizpfuxGdBq3ClF5ceRDpwxak=
  
  "@babel/helper-replace-supers@^7.15.4":
    version "7.15.4"
    resolved "http://npm.zhaogangren.com/@babel%2fhelper-replace-supers/-/helper-replace-supers-7.15.4.tgz#52a8ab26ba918c7f6dee28628b07071ac7b7347a"
    integrity sha1-UqirJrqRjH9t7ihiiwcHGse3NHo=
    dependencies:
      "@babel/helper-member-expression-to-functions" "^7.15.4"
      "@babel/helper-optimise-call-expression" "^7.15.4"
      "@babel/traverse" "^7.15.4"
      "@babel/types" "^7.15.4"
  
  "@babel/helper-simple-access@^7.15.4":
    version "7.15.4"
    resolved "http://npm.zhaogangren.com/@babel%2fhelper-simple-access/-/helper-simple-access-7.15.4.tgz#ac368905abf1de8e9781434b635d8f8674bcc13b"
    integrity sha1-rDaJBavx3o6XgUNLY12PhnS8wTs=
    dependencies:
      "@babel/types" "^7.15.4"
  
  "@babel/helper-split-export-declaration@^7.15.4":
    version "7.15.4"
    resolved "http://npm.zhaogangren.com/@babel%2fhelper-split-export-declaration/-/helper-split-export-declaration-7.15.4.tgz#aecab92dcdbef6a10aa3b62ab204b085f776e257"
    integrity sha1-rsq5Lc2+9qEKo7YqsgSwhfd24lc=
    dependencies:
      "@babel/types" "^7.15.4"
  
  "@babel/helper-validator-identifier@^7.14.5", "@babel/helper-validator-identifier@^7.14.9":
    version "7.14.9"
    resolved "http://npm.zhaogangren.com/@babel%2fhelper-validator-identifier/-/helper-validator-identifier-7.14.9.tgz#6654d171b2024f6d8ee151bf2509699919131d48"
    integrity sha1-ZlTRcbICT22O4VG/JQlpmRkTHUg=
  
  "@babel/helper-validator-option@^7.14.5":
    version "7.14.5"
    resolved "http://npm.zhaogangren.com/@babel%2fhelper-validator-option/-/helper-validator-option-7.14.5.tgz#6e72a1fff18d5dfcb878e1e62f1a021c4b72d5a3"
    integrity sha1-bnKh//GNXfy4eOHmLxoCHEty1aM=
  
  "@babel/helpers@^7.15.4":
    version "7.15.4"
    resolved "http://npm.zhaogangren.com/@babel%2fhelpers/-/helpers-7.15.4.tgz#5f40f02050a3027121a3cf48d497c05c555eaf43"
    integrity sha1-X0DwIFCjAnEho89I1JfAXFVer0M=
    dependencies:
      "@babel/template" "^7.15.4"
      "@babel/traverse" "^7.15.4"
      "@babel/types" "^7.15.4"
  
  "@babel/highlight@^7.14.5":
    version "7.14.5"
    resolved "http://npm.zhaogangren.com/@babel%2fhighlight/-/highlight-7.14.5.tgz#6861a52f03966405001f6aa534a01a24d99e8cd9"
    integrity sha1-aGGlLwOWZAUAH2qlNKAaJNmejNk=
    dependencies:
      "@babel/helper-validator-identifier" "^7.14.5"
      chalk "^2.0.0"
      js-tokens "^4.0.0"
  
  "@babel/parser@^7.15.4", "@babel/parser@^7.15.5":
    version "7.15.5"
    resolved "http://npm.zhaogangren.com/@babel%2fparser/-/parser-7.15.5.tgz#d33a58ca69facc05b26adfe4abebfed56c1c2dac"
    integrity sha1-0zpYymn6zAWyat/kq+v+1WwcLaw=
  
  "@babel/plugin-transform-react-jsx-self@^7.14.5":
    version "7.14.9"
    resolved "http://npm.zhaogangren.com/@babel%2fplugin-transform-react-jsx-self/-/plugin-transform-react-jsx-self-7.14.9.tgz#33041e665453391eb6ee54a2ecf3ba1d46bd30f4"
    integrity sha1-MwQeZlRTOR627lSi7PO6HUa9MPQ=
    dependencies:
      "@babel/helper-plugin-utils" "^7.14.5"
  
  "@babel/plugin-transform-react-jsx-source@^7.14.5":
    version "7.14.5"
    resolved "http://npm.zhaogangren.com/@babel%2fplugin-transform-react-jsx-source/-/plugin-transform-react-jsx-source-7.14.5.tgz#79f728e60e6dbd31a2b860b0bf6c9765918acf1d"
    integrity sha1-efco5g5tvTGiuGCwv2yXZZGKzx0=
    dependencies:
      "@babel/helper-plugin-utils" "^7.14.5"
  
  "@babel/template@^7.15.4":
    version "7.15.4"
    resolved "http://npm.zhaogangren.com/@babel%2ftemplate/-/template-7.15.4.tgz#51898d35dcf3faa670c4ee6afcfd517ee139f194"
    integrity sha1-UYmNNdzz+qZwxO5q/P1RfuE58ZQ=
    dependencies:
      "@babel/code-frame" "^7.14.5"
      "@babel/parser" "^7.15.4"
      "@babel/types" "^7.15.4"
  
  "@babel/traverse@^7.15.4":
    version "7.15.4"
    resolved "http://npm.zhaogangren.com/@babel%2ftraverse/-/traverse-7.15.4.tgz#ff8510367a144bfbff552d9e18e28f3e2889c22d"
    integrity sha1-/4UQNnoUS/v/VS2eGOKPPiiJwi0=
    dependencies:
      "@babel/code-frame" "^7.14.5"
      "@babel/generator" "^7.15.4"
      "@babel/helper-function-name" "^7.15.4"
      "@babel/helper-hoist-variables" "^7.15.4"
      "@babel/helper-split-export-declaration" "^7.15.4"
      "@babel/parser" "^7.15.4"
      "@babel/types" "^7.15.4"
      debug "^4.1.0"
      globals "^11.1.0"
  
  "@babel/types@^7.15.4":
    version "7.15.4"
    resolved "http://npm.zhaogangren.com/@babel%2ftypes/-/types-7.15.4.tgz#74eeb86dbd6748d2741396557b9860e57fce0a0d"
    integrity sha1-dO64bb1nSNJ0E5ZVe5hg5X/OCg0=
    dependencies:
      "@babel/helper-validator-identifier" "^7.14.9"
      to-fast-properties "^2.0.0"
  
  "@rollup/pluginutils@^4.1.1":
    version "4.1.1"
    resolved "http://npm.zhaogangren.com/@rollup%2fpluginutils/-/pluginutils-4.1.1.tgz#1d4da86dd4eded15656a57d933fda2b9a08d47ec"
    integrity sha1-HU2obdTt7RVlalfZM/2iuaCNR+w=
    dependencies:
      estree-walker "^2.0.1"
      picomatch "^2.2.2"
  
  "@types/prop-types@*":
    version "15.7.4"
    resolved "http://npm.zhaogangren.com/@types%2fprop-types/-/prop-types-15.7.4.tgz#fcf7205c25dff795ee79af1e30da2c9790808f11"
    integrity sha1-/PcgXCXf95Xuea8eMNosl5CAjxE=
  
  "@types/react-dom@^17.0.0":
    version "17.0.9"
    resolved "http://npm.zhaogangren.com/@types%2freact-dom/-/react-dom-17.0.9.tgz#441a981da9d7be117042e1a6fd3dac4b30f55add"
    integrity sha1-RBqYHanXvhFwQuGm/T2sSzD1Wt0=
    dependencies:
      "@types/react" "*"
  
  "@types/react@*", "@types/react@^17.0.0":
    version "17.0.20"
    resolved "http://npm.zhaogangren.com/@types%2freact/-/react-17.0.20.tgz#a4284b184d47975c71658cd69e759b6bd37c3b8c"
    integrity sha1-pChLGE1Hl1xxZYzWnnWba9N8O4w=
    dependencies:
      "@types/prop-types" "*"
      "@types/scheduler" "*"
      csstype "^3.0.2"
  
  "@types/scheduler@*":
    version "0.16.2"
    resolved "http://npm.zhaogangren.com/@types%2fscheduler/-/scheduler-0.16.2.tgz#1a62f89525723dde24ba1b01b092bf5df8ad4d39"
    integrity sha1-GmL4lSVyPd4kuhsBsJK/XfitTTk=
  
  "@vitejs/plugin-react-refresh@^1.3.1":
    version "1.3.6"
    resolved "http://npm.zhaogangren.com/@vitejs%2fplugin-react-refresh/-/plugin-react-refresh-1.3.6.tgz#19818392db01e81746cfeb04e096ab3010e79fe3"
    integrity sha1-GYGDktsB6BdGz+sE4JarMBDnn+M=
    dependencies:
      "@babel/core" "^7.14.8"
      "@babel/plugin-transform-react-jsx-self" "^7.14.5"
      "@babel/plugin-transform-react-jsx-source" "^7.14.5"
      "@rollup/pluginutils" "^4.1.1"
      react-refresh "^0.10.0"
  
  add-dom-event-listener@^1.1.0:
    version "1.1.0"
    resolved "http://npm.zhaogangren.com/add-dom-event-listener/-/add-dom-event-listener-1.1.0.tgz#6a92db3a0dd0abc254e095c0f1dc14acbbaae310"
    integrity sha1-apLbOg3Qq8JU4JXA8dwUrLuq4xA=
    dependencies:
      object-assign "4.x"
  
  ansi-styles@^3.2.1:
    version "3.2.1"
    resolved "http://npm.zhaogangren.com/ansi-styles/-/ansi-styles-3.2.1.tgz#41fbb20243e50b12be0f04b8dedbf07520ce841d"
    integrity sha1-QfuyAkPlCxK+DwS43tvwdSDOhB0=
    dependencies:
      color-convert "^1.9.0"
  
  antd-mobile@^2.3.4:
    version "2.3.4"
    resolved "http://npm.zhaogangren.com/antd-mobile/-/antd-mobile-2.3.4.tgz#8f584707b30343d102f3ca10fdaf677e2a5d1cc8"
    integrity sha1-j1hHB7MDQ9EC88oQ/a9nfipdHMg=
    dependencies:
      array-tree-filter "~2.1.0"
      babel-runtime "6.x"
      classnames "^2.2.1"
      normalize.css "^7.0.0"
      rc-checkbox "~2.0.0"
      rc-collapse "~1.9.1"
      rc-slider "~8.2.0"
      rc-swipeout "~2.0.0"
      rmc-calendar "^1.0.0"
      rmc-cascader "~5.0.0"
      rmc-date-picker "^6.0.8"
      rmc-dialog "^1.0.1"
      rmc-drawer "^0.4.11"
      rmc-feedback "^2.0.0"
      rmc-input-number "^1.0.0"
      rmc-list-view "^0.11.0"
      rmc-notification "~1.0.0"
      rmc-nuka-carousel "~3.0.0"
      rmc-picker "~5.0.0"
      rmc-pull-to-refresh "~1.0.1"
      rmc-steps "~1.0.0"
      rmc-tabs "~1.2.0"
      rmc-tooltip "~1.0.0"
  
  array-tree-filter@2.1.x, array-tree-filter@~2.1.0:
    version "2.1.0"
    resolved "http://npm.zhaogangren.com/array-tree-filter/-/array-tree-filter-2.1.0.tgz#873ac00fec83749f255ac8dd083814b4f6329190"
    integrity sha1-hzrAD+yDdJ8lWsjdCDgUtPYykZA=
  
  asap@~2.0.3:
    version "2.0.6"
    resolved "http://npm.zhaogangren.com/asap/-/asap-2.0.6.tgz#e50347611d7e690943208bbdafebcbc2fb866d46"
    integrity sha1-5QNHYR1+aQlDIIu9r+vLwvuGbUY=
  
  babel-runtime@6.x, babel-runtime@^6.23.0, babel-runtime@^6.26.0:
    version "6.26.0"
    resolved "http://npm.zhaogangren.com/babel-runtime/-/babel-runtime-6.26.0.tgz#965c7058668e82b55d7bfe04ff2337bc8b5647fe"
    integrity sha1-llxwWGaOgrVde/4E/yM3vItWR/4=
    dependencies:
      core-js "^2.4.0"
      regenerator-runtime "^0.11.0"
  
  browserslist@^4.16.6:
    version "4.17.0"
    resolved "http://npm.zhaogangren.com/browserslist/-/browserslist-4.17.0.tgz#1fcd81ec75b41d6d4994fb0831b92ac18c01649c"
    integrity sha1-H82B7HW0HW1JlPsIMbkqwYwBZJw=
    dependencies:
      caniuse-lite "^1.0.30001254"
      colorette "^1.3.0"
      electron-to-chromium "^1.3.830"
      escalade "^3.1.1"
      node-releases "^1.1.75"
  
  caniuse-lite@^1.0.30001254:
    version "1.0.30001255"
    resolved "http://npm.zhaogangren.com/caniuse-lite/-/caniuse-lite-1.0.30001255.tgz#f3b09b59ab52e39e751a569523618f47c4298ca0"
    integrity sha1-87CbWatS4551GlaVI2GPR8QpjKA=
  
  chalk@^2.0.0:
    version "2.4.2"
    resolved "http://npm.zhaogangren.com/chalk/-/chalk-2.4.2.tgz#cd42541677a54333cf541a49108c1432b44c9424"
    integrity sha1-zUJUFnelQzPPVBpJEIwUMrRMlCQ=
    dependencies:
      ansi-styles "^3.2.1"
      escape-string-regexp "^1.0.5"
      supports-color "^5.3.0"
  
  classnames@2.x, classnames@^2.2.0, classnames@^2.2.1, classnames@^2.2.3, classnames@^2.2.4, classnames@^2.2.5, classnames@^2.2.6:
    version "2.3.1"
    resolved "http://npm.zhaogangren.com/classnames/-/classnames-2.3.1.tgz#dfcfa3891e306ec1dad105d0e88f4417b8535e8e"
    integrity sha1-38+jiR4wbsHa0QXQ6I9EF7hTXo4=
  
  color-convert@^1.9.0:
    version "1.9.3"
    resolved "http://npm.zhaogangren.com/color-convert/-/color-convert-1.9.3.tgz#bb71850690e1f136567de629d2d5471deda4c1e8"
    integrity sha1-u3GFBpDh8TZWfeYp0tVHHe2kweg=
    dependencies:
      color-name "1.1.3"
  
  color-name@1.1.3:
    version "1.1.3"
    resolved "http://npm.zhaogangren.com/color-name/-/color-name-1.1.3.tgz#a7d0558bd89c42f795dd42328f740831ca53bc25"
    integrity sha1-p9BVi9icQveV3UIyj3QIMcpTvCU=
  
  colorette@^1.2.2, colorette@^1.3.0:
    version "1.4.0"
    resolved "http://npm.zhaogangren.com/colorette/-/colorette-1.4.0.tgz#5190fbb87276259a86ad700bff2c6d6faa3fca40"
    integrity sha1-UZD7uHJ2JZqGrXAL/yxtb6o/ykA=
  
  component-classes@^1.2.5:
    version "1.2.6"
    resolved "http://npm.zhaogangren.com/component-classes/-/component-classes-1.2.6.tgz#c642394c3618a4d8b0b8919efccbbd930e5cd691"
    integrity sha1-xkI5TDYYpNiwuJGe/Mu9kw5c1pE=
    dependencies:
      component-indexof "0.0.3"
  
  component-indexof@0.0.3:
    version "0.0.3"
    resolved "http://npm.zhaogangren.com/component-indexof/-/component-indexof-0.0.3.tgz#11d091312239eb8f32c8f25ae9cb002ffe8d3c24"
    integrity sha1-EdCRMSI5648yyPJa6csAL/6NPCQ=
  
  convert-source-map@^1.7.0:
    version "1.8.0"
    resolved "http://npm.zhaogangren.com/convert-source-map/-/convert-source-map-1.8.0.tgz#f3373c32d21b4d780dd8004514684fb791ca4369"
    integrity sha1-8zc8MtIbTXgN2ABFFGhPt5HKQ2k=
    dependencies:
      safe-buffer "~5.1.1"
  
  core-js@^1.0.0:
    version "1.2.7"
    resolved "http://npm.zhaogangren.com/core-js/-/core-js-1.2.7.tgz#652294c14651db28fa93bd2d5ff2983a4f08c636"
    integrity sha1-ZSKUwUZR2yj6k70tX/KYOk8IxjY=
  
  core-js@^2.4.0:
    version "2.6.12"
    resolved "http://npm.zhaogangren.com/core-js/-/core-js-2.6.12.tgz#d9333dfa7b065e347cc5682219d6f690859cc2ec"
    integrity sha1-2TM9+nsGXjR8xWgiGdb2kIWcwuw=
  
  create-react-class@^15.6.0:
    version "15.7.0"
    resolved "http://npm.zhaogangren.com/create-react-class/-/create-react-class-15.7.0.tgz#7499d7ca2e69bb51d13faf59bd04f0c65a1d6c1e"
    integrity sha1-dJnXyi5pu1HRP69ZvQTwxlodbB4=
    dependencies:
      loose-envify "^1.3.1"
      object-assign "^4.1.1"
  
  css-animation@1.x, css-animation@^1.3.2:
    version "1.6.1"
    resolved "http://npm.zhaogangren.com/css-animation/-/css-animation-1.6.1.tgz#162064a3b0d51f958b7ff37b3d6d4de18e17039e"
    integrity sha1-FiBko7DVH5WLf/N7PW1N4Y4XA54=
    dependencies:
      babel-runtime "6.x"
      component-classes "^1.2.5"
  
  csstype@^3.0.2:
    version "3.0.8"
    resolved "http://npm.zhaogangren.com/csstype/-/csstype-3.0.8.tgz#d2266a792729fb227cd216fb572f43728e1ad340"
    integrity sha1-0iZqeScp+yJ80hb7Vy9Dco4a00A=
  
  debug@^4.1.0:
    version "4.3.2"
    resolved "http://npm.zhaogangren.com/debug/-/debug-4.3.2.tgz#f0a49c18ac8779e31d4a0c6029dfb76873c7428b"
    integrity sha1-8KScGKyHeeMdSgxgKd+3aHPHQos=
    dependencies:
      ms "2.1.2"
  
  dom-align@1.x, dom-align@^1.7.0:
    version "1.12.2"
    resolved "http://npm.zhaogangren.com/dom-align/-/dom-align-1.12.2.tgz#0f8164ebd0c9c21b0c790310493cd855892acd4b"
    integrity sha1-D4Fk69DJwhsMeQMQSTzYVYkqzUs=
  
  electron-to-chromium@^1.3.830:
    version "1.3.833"
    resolved "http://npm.zhaogangren.com/electron-to-chromium/-/electron-to-chromium-1.3.833.tgz#e1394eb32ab8a9430ffd7d5adf632ce6c3b05e18"
    integrity sha1-4TlOsyq4qUMP/X1a32Ms5sOwXhg=
  
  encoding@^0.1.11:
    version "0.1.13"
    resolved "http://npm.zhaogangren.com/encoding/-/encoding-0.1.13.tgz#56574afdd791f54a8e9b2785c0582a2d26210fa9"
    integrity sha1-VldK/deR9UqOmyeFwFgqLSYhD6k=
    dependencies:
      iconv-lite "^0.6.2"
  
  esbuild@^0.12.17:
    version "0.12.25"
    resolved "http://npm.zhaogangren.com/esbuild/-/esbuild-0.12.25.tgz#c2131cef022cf9fe94aaa5e00110b27fc976221a"
    integrity sha1-whMc7wIs+f6UqqXgARCyf8l2Iho=
  
  escalade@^3.1.1:
    version "3.1.1"
    resolved "http://npm.zhaogangren.com/escalade/-/escalade-3.1.1.tgz#d8cfdc7000965c5a0174b4a82eaa5c0552742e40"
    integrity sha1-2M/ccACWXFoBdLSoLqpcBVJ0LkA=
  
  escape-string-regexp@^1.0.5:
    version "1.0.5"
    resolved "http://npm.zhaogangren.com/escape-string-regexp/-/escape-string-regexp-1.0.5.tgz#1b61c0562190a8dff6ae3bb2cf0200ca130b86d4"
    integrity sha1-G2HAViGQqN/2rjuyzwIAyhMLhtQ=
  
  estree-walker@^2.0.1:
    version "2.0.2"
    resolved "http://npm.zhaogangren.com/estree-walker/-/estree-walker-2.0.2.tgz#52f010178c2a4c117a7757cfe942adb7d2da4cac"
    integrity sha1-UvAQF4wqTBF6d1fP6UKtt9LaTKw=
  
  exenv@^1.2.0:
    version "1.2.2"
    resolved "http://npm.zhaogangren.com/exenv/-/exenv-1.2.2.tgz#2ae78e85d9894158670b03d47bec1f03bd91bb9d"
    integrity sha1-KueOhdmJQVhnCwPUe+wfA72Ru50=
  
  fbjs@^0.8.3:
    version "0.8.17"
    resolved "http://npm.zhaogangren.com/fbjs/-/fbjs-0.8.17.tgz#c4d598ead6949112653d6588b01a5cdcd9f90fdd"
    integrity sha1-xNWY6taUkRJlPWWIsBpc3Nn5D90=
    dependencies:
      core-js "^1.0.0"
      isomorphic-fetch "^2.1.1"
      loose-envify "^1.0.0"
      object-assign "^4.1.0"
      promise "^7.1.1"
      setimmediate "^1.0.5"
      ua-parser-js "^0.7.18"
  
  fsevents@~2.3.2:
    version "2.3.2"
    resolved "http://npm.zhaogangren.com/fsevents/-/fsevents-2.3.2.tgz#8a526f78b8fdf4623b709e0b975c52c24c02fd1a"
    integrity sha1-ilJveLj99GI7cJ4Ll1xSwkwC/Ro=
  
  function-bind@^1.1.1:
    version "1.1.1"
    resolved "http://npm.zhaogangren.com/function-bind/-/function-bind-1.1.1.tgz#a56899d3ea3c9bab874bb9773b7c5ede92f4895d"
    integrity sha1-pWiZ0+o8m6uHS7l3O3xe3pL0iV0=
  
  gensync@^1.0.0-beta.2:
    version "1.0.0-beta.2"
    resolved "http://npm.zhaogangren.com/gensync/-/gensync-1.0.0-beta.2.tgz#32a6ee76c3d7f52d46b2b1ae5d93fea8580a25e0"
    integrity sha1-MqbudsPX9S1GsrGuXZP+qFgKJeA=
  
  globals@^11.1.0:
    version "11.12.0"
    resolved "http://npm.zhaogangren.com/globals/-/globals-11.12.0.tgz#ab8795338868a0babd8525758018c2a7eb95c42e"
    integrity sha1-q4eVM4hooLq9hSV1gBjCp+uVxC4=
  
  has-flag@^3.0.0:
    version "3.0.0"
    resolved "http://npm.zhaogangren.com/has-flag/-/has-flag-3.0.0.tgz#b5d454dc2199ae225699f3467e5a07f3b955bafd"
    integrity sha1-tdRU3CGZriJWmfNGfloH87lVuv0=
  
  has@^1.0.3:
    version "1.0.3"
    resolved "http://npm.zhaogangren.com/has/-/has-1.0.3.tgz#722d7cbfc1f6aa8241f16dd814e011e1f41e8796"
    integrity sha1-ci18v8H2qoJB8W3YFOAR4fQeh5Y=
    dependencies:
      function-bind "^1.1.1"
  
  iconv-lite@^0.6.2:
    version "0.6.3"
    resolved "http://npm.zhaogangren.com/iconv-lite/-/iconv-lite-0.6.3.tgz#a52f80bf38da1952eb5c681790719871a1a72501"
    integrity sha1-pS+AvzjaGVLrXGgXkHGYcaGnJQE=
    dependencies:
      safer-buffer ">= 2.1.2 < 3.0.0"
  
  is-core-module@^2.2.0:
    version "2.6.0"
    resolved "http://npm.zhaogangren.com/is-core-module/-/is-core-module-2.6.0.tgz#d7553b2526fe59b92ba3e40c8df757ec8a709e19"
    integrity sha1-11U7JSb+Wbkro+QMjfdX7Ipwnhk=
    dependencies:
      has "^1.0.3"
  
  is-stream@^1.0.1:
    version "1.1.0"
    resolved "http://npm.zhaogangren.com/is-stream/-/is-stream-1.1.0.tgz#12d4a3dd4e68e0b79ceb8dbc84173ae80d91ca44"
    integrity sha1-EtSj3U5o4Lec6428hBc66A2RykQ=
  
  isomorphic-fetch@^2.1.1:
    version "2.2.1"
    resolved "http://npm.zhaogangren.com/isomorphic-fetch/-/isomorphic-fetch-2.2.1.tgz#611ae1acf14f5e81f729507472819fe9733558a9"
    integrity sha1-YRrhrPFPXoH3KVB0coGf6XM1WKk=
    dependencies:
      node-fetch "^1.0.1"
      whatwg-fetch ">=0.10.0"
  
  "js-tokens@^3.0.0 || ^4.0.0", js-tokens@^4.0.0:
    version "4.0.0"
    resolved "http://npm.zhaogangren.com/js-tokens/-/js-tokens-4.0.0.tgz#19203fb59991df98e3a287050d4647cdeaf32499"
    integrity sha1-GSA/tZmR35jjoocFDUZHzerzJJk=
  
  jsesc@^2.5.1:
    version "2.5.2"
    resolved "http://npm.zhaogangren.com/jsesc/-/jsesc-2.5.2.tgz#80564d2e483dacf6e8ef209650a67df3f0c283a4"
    integrity sha1-gFZNLkg9rPbo7yCWUKZ98/DCg6Q=
  
  json5@^2.1.2:
    version "2.2.0"
    resolved "http://npm.zhaogangren.com/json5/-/json5-2.2.0.tgz#2dfefe720c6ba525d9ebd909950f0515316c89a3"
    integrity sha1-Lf7+cgxrpSXZ69kJlQ8FFTFsiaM=
    dependencies:
      minimist "^1.2.5"
  
  loose-envify@^1.0.0, loose-envify@^1.1.0, loose-envify@^1.3.1, loose-envify@^1.4.0:
    version "1.4.0"
    resolved "http://npm.zhaogangren.com/loose-envify/-/loose-envify-1.4.0.tgz#71ee51fa7be4caec1a63839f7e682d8132d30caf"
    integrity sha1-ce5R+nvkyuwaY4OffmgtgTLTDK8=
    dependencies:
      js-tokens "^3.0.0 || ^4.0.0"
  
  minimist@^1.2.5:
    version "1.2.5"
    resolved "http://npm.zhaogangren.com/minimist/-/minimist-1.2.5.tgz#67d66014b66a6a8aaa0c083c5fd58df4e4e97602"
    integrity sha1-Z9ZgFLZqaoqqDAg8X9WN9OTpdgI=
  
  ms@2.1.2:
    version "2.1.2"
    resolved "http://npm.zhaogangren.com/ms/-/ms-2.1.2.tgz#d09d1f357b443f493382a8eb3ccd183872ae6009"
    integrity sha1-0J0fNXtEP0kzgqjrPM0YOHKuYAk=
  
  nanoid@^3.1.23:
    version "3.1.25"
    resolved "http://npm.zhaogangren.com/nanoid/-/nanoid-3.1.25.tgz#09ca32747c0e543f0e1814b7d3793477f9c8e152"
    integrity sha1-CcoydHwOVD8OGBS303k0d/nI4VI=
  
  node-fetch@^1.0.1:
    version "1.7.3"
    resolved "http://npm.zhaogangren.com/node-fetch/-/node-fetch-1.7.3.tgz#980f6f72d85211a5347c6b2bc18c5b84c3eb47ef"
    integrity sha1-mA9vcthSEaU0fGsrwYxbhMPrR+8=
    dependencies:
      encoding "^0.1.11"
      is-stream "^1.0.1"
  
  node-releases@^1.1.75:
    version "1.1.75"
    resolved "http://npm.zhaogangren.com/node-releases/-/node-releases-1.1.75.tgz#6dd8c876b9897a1b8e5a02de26afa79bb54ebbfe"
    integrity sha1-bdjIdrmJehuOWgLeJq+nm7VOu/4=
  
  normalize.css@^7.0.0:
    version "7.0.0"
    resolved "http://npm.zhaogangren.com/normalize.css/-/normalize.css-7.0.0.tgz#abfb1dd82470674e0322b53ceb1aaf412938e4bf"
    integrity sha1-q/sd2CRwZ04DIrU86xqvQSk45L8=
  
  object-assign@4.x, object-assign@^4.1.0, object-assign@^4.1.1:
    version "4.1.1"
    resolved "http://npm.zhaogangren.com/object-assign/-/object-assign-4.1.1.tgz#2109adc7965887cfc05cbbd442cac8bfbb360863"
    integrity sha1-IQmtx5ZYh8/AXLvUQsrIv7s2CGM=
  
  path-parse@^1.0.6:
    version "1.0.7"
    resolved "http://npm.zhaogangren.com/path-parse/-/path-parse-1.0.7.tgz#fbc114b60ca42b30d9daf5858e4bd68bbedb6735"
    integrity sha1-+8EUtgykKzDZ2vWFjkvWi77bZzU=
  
  performance-now@^2.1.0:
    version "2.1.0"
    resolved "http://npm.zhaogangren.com/performance-now/-/performance-now-2.1.0.tgz#6309f4e0e5fa913ec1c69307ae364b4b377c9e7b"
    integrity sha1-Ywn04OX6kT7BxpMHrjZLSzd8nns=
  
  picomatch@^2.2.2:
    version "2.3.0"
    resolved "http://npm.zhaogangren.com/picomatch/-/picomatch-2.3.0.tgz#f1f061de8f6a4bf022892e2d128234fb98302972"
    integrity sha1-8fBh3o9qS/AiiS4tEoI0+5gwKXI=
  
  postcss@^8.3.6:
    version "8.3.6"
    resolved "http://npm.zhaogangren.com/postcss/-/postcss-8.3.6.tgz#2730dd76a97969f37f53b9a6096197be311cc4ea"
    integrity sha1-JzDddql5afN/U7mmCWGXvjEcxOo=
    dependencies:
      colorette "^1.2.2"
      nanoid "^3.1.23"
      source-map-js "^0.6.2"
  
  promise@^7.1.1:
    version "7.3.1"
    resolved "http://npm.zhaogangren.com/promise/-/promise-7.3.1.tgz#064b72602b18f90f29192b8b1bc418ffd1ebd3bf"
    integrity sha1-BktyYCsY+Q8pGSuLG8QY/9Hr078=
    dependencies:
      asap "~2.0.3"
  
  prop-types@15.x, prop-types@^15.5.10, prop-types@^15.5.4, prop-types@^15.5.6, prop-types@^15.5.8:
    version "15.7.2"
    resolved "http://npm.zhaogangren.com/prop-types/-/prop-types-15.7.2.tgz#52c41e75b8c87e72b9d9360e0206b99dcbffa6c5"
    integrity sha1-UsQedbjIfnK52TYOAga5ncv/psU=
    dependencies:
      loose-envify "^1.4.0"
      object-assign "^4.1.1"
      react-is "^16.8.1"
  
  raf@^3.1.0, raf@^3.3.2, raf@^3.4.0:
    version "3.4.1"
    resolved "http://npm.zhaogangren.com/raf/-/raf-3.4.1.tgz#0742e99a4a6552f445d73e3ee0328af0ff1ede39"
    integrity sha1-B0LpmkplUvRF1z4+4DKK8P8e3jk=
    dependencies:
      performance-now "^2.1.0"
  
  rc-align@^2.4.0:
    version "2.4.5"
    resolved "http://npm.zhaogangren.com/rc-align/-/rc-align-2.4.5.tgz#c941a586f59d1017f23a428f0b468663fb7102ab"
    integrity sha1-yUGlhvWdEBfyOkKPC0aGY/txAqs=
    dependencies:
      babel-runtime "^6.26.0"
      dom-align "^1.7.0"
      prop-types "^15.5.8"
      rc-util "^4.0.4"
  
  rc-animate@2.x, rc-animate@^2.4.4:
    version "2.11.1"
    resolved "http://npm.zhaogangren.com/rc-animate/-/rc-animate-2.11.1.tgz#2666eeb6f1f2a495a13b2af09e236712278fdb2c"
    integrity sha1-JmbutvHypJWhOyrwniNnEieP2yw=
    dependencies:
      babel-runtime "6.x"
      classnames "^2.2.6"
      css-animation "^1.3.2"
      prop-types "15.x"
      raf "^3.4.0"
      rc-util "^4.15.3"
      react-lifecycles-compat "^3.0.4"
  
  rc-checkbox@~2.0.0:
    version "2.0.3"
    resolved "http://npm.zhaogangren.com/rc-checkbox/-/rc-checkbox-2.0.3.tgz#436a9d508948e224980f0535ea738b48177a8f25"
    integrity sha1-Q2qdUIlI4iSYDwU16nOLSBd6jyU=
    dependencies:
      babel-runtime "^6.23.0"
      classnames "2.x"
      prop-types "15.x"
      rc-util "^4.0.4"
  
  rc-collapse@~1.9.1:
    version "1.9.3"
    resolved "http://npm.zhaogangren.com/rc-collapse/-/rc-collapse-1.9.3.tgz#d9741db06a823353e1fd1aec3ba4c0f9d8af4b26"
    integrity sha1-2XQdsGqCM1Ph/RrsO6TA+divSyY=
    dependencies:
      classnames "2.x"
      css-animation "1.x"
      prop-types "^15.5.6"
      rc-animate "2.x"
  
  rc-gesture@~0.0.18, rc-gesture@~0.0.22:
    version "0.0.22"
    resolved "http://npm.zhaogangren.com/rc-gesture/-/rc-gesture-0.0.22.tgz#fbcbdd5b46387a978b3ede48b42748e8ff77dddd"
    integrity sha1-+8vdW0Y4epeLPt5ItCdI6P933d0=
    dependencies:
      babel-runtime "6.x"
  
  rc-slider@~8.2.0:
    version "8.2.0"
    resolved "http://npm.zhaogangren.com/rc-slider/-/rc-slider-8.2.0.tgz#ae37d17144cad60e1da6eac0ee4ffcfea0b0a6e8"
    integrity sha1-rjfRcUTK1g4dpurA7k/8/qCwpug=
    dependencies:
      babel-runtime "6.x"
      classnames "^2.2.5"
      prop-types "^15.5.4"
      rc-tooltip "^3.4.2"
      rc-util "^4.0.4"
      shallowequal "^1.0.1"
      warning "^3.0.0"
  
  rc-swipeout@~2.0.0:
    version "2.0.11"
    resolved "http://npm.zhaogangren.com/rc-swipeout/-/rc-swipeout-2.0.11.tgz#dfad9c7b38a15ea0376e39cb3356e36fed7a4155"
    integrity sha1-362cezihXqA3bjnLM1bjb+16QVU=
    dependencies:
      babel-runtime "6.x"
      classnames "2.x"
      rc-gesture "~0.0.22"
      react-native-swipeout "^2.2.2"
  
  rc-tooltip@^3.4.2:
    version "3.7.3"
    resolved "http://npm.zhaogangren.com/rc-tooltip/-/rc-tooltip-3.7.3.tgz#280aec6afcaa44e8dff0480fbaff9e87fc00aecc"
    integrity sha1-KArsavyqROjf8EgPuv+eh/wArsw=
    dependencies:
      babel-runtime "6.x"
      prop-types "^15.5.8"
      rc-trigger "^2.2.2"
  
  rc-trigger@^2.2.2:
    version "2.6.5"
    resolved "http://npm.zhaogangren.com/rc-trigger/-/rc-trigger-2.6.5.tgz#140a857cf28bd0fa01b9aecb1e26a50a700e9885"
    integrity sha1-FAqFfPKL0PoBua7LHialCnAOmIU=
    dependencies:
      babel-runtime "6.x"
      classnames "^2.2.6"
      prop-types "15.x"
      rc-align "^2.4.0"
      rc-animate "2.x"
      rc-util "^4.4.0"
      react-lifecycles-compat "^3.0.4"
  
  rc-util@4.x, rc-util@^4.0.4, rc-util@^4.15.3, rc-util@^4.4.0:
    version "4.21.1"
    resolved "http://npm.zhaogangren.com/rc-util/-/rc-util-4.21.1.tgz#88602d0c3185020aa1053d9a1e70eac161becb05"
    integrity sha1-iGAtDDGFAgqhBT2aHnDqwWG+ywU=
    dependencies:
      add-dom-event-listener "^1.1.0"
      prop-types "^15.5.10"
      react-is "^16.12.0"
      react-lifecycles-compat "^3.0.4"
      shallowequal "^1.1.0"
  
  react-dom@^17.0.0:
    version "17.0.2"
    resolved "http://npm.zhaogangren.com/react-dom/-/react-dom-17.0.2.tgz#ecffb6845e3ad8dbfcdc498f0d0a939736502c23"
    integrity sha1-7P+2hF462Nv83EmPDQqTlzZQLCM=
    dependencies:
      loose-envify "^1.1.0"
      object-assign "^4.1.1"
      scheduler "^0.20.2"
  
  react-is@^16.12.0, react-is@^16.8.1:
    version "16.13.1"
    resolved "http://npm.zhaogangren.com/react-is/-/react-is-16.13.1.tgz#789729a4dc36de2999dc156dd6c1d9c18cea56a4"
    integrity sha1-eJcppNw23imZ3BVt1sHZwYzqVqQ=
  
  react-lifecycles-compat@^3.0.4:
    version "3.0.4"
    resolved "http://npm.zhaogangren.com/react-lifecycles-compat/-/react-lifecycles-compat-3.0.4.tgz#4f1a273afdfc8f3488a8c516bfda78f872352362"
    integrity sha1-TxonOv38jzSIqMUWv9p4+HI1I2I=
  
  react-native-swipeout@^2.2.2:
    version "2.3.6"
    resolved "http://npm.zhaogangren.com/react-native-swipeout/-/react-native-swipeout-2.3.6.tgz#47dac8a835825cf3f2eef9e495574a3d9ab6d3fa"
    integrity sha1-R9rIqDWCXPPy7vnklVdKPZq20/o=
    dependencies:
      create-react-class "^15.6.0"
      prop-types "^15.5.10"
      react-tween-state "^0.1.5"
  
  react-refresh@^0.10.0:
    version "0.10.0"
    resolved "http://npm.zhaogangren.com/react-refresh/-/react-refresh-0.10.0.tgz#2f536c9660c0b9b1d500684d9e52a65e7404f7e3"
    integrity sha1-L1NslmDAubHVAGhNnlKmXnQE9+M=
  
  react-tween-state@^0.1.5:
    version "0.1.5"
    resolved "http://npm.zhaogangren.com/react-tween-state/-/react-tween-state-0.1.5.tgz#e98b066551efb93cb92dd1be14995c2e3deae339"
    integrity sha1-6YsGZVHvuTy5LdG+FJlcLj3q4zk=
    dependencies:
      raf "^3.1.0"
      tween-functions "^1.0.1"
  
  react@^17.0.0:
    version "17.0.2"
    resolved "http://npm.zhaogangren.com/react/-/react-17.0.2.tgz#d0b5cc516d29eb3eee383f75b62864cfb6800037"
    integrity sha1-0LXMUW0p6z7uOD91tihkz7aAADc=
    dependencies:
      loose-envify "^1.1.0"
      object-assign "^4.1.1"
  
  regenerator-runtime@^0.11.0:
    version "0.11.1"
    resolved "http://npm.zhaogangren.com/regenerator-runtime/-/regenerator-runtime-0.11.1.tgz#be05ad7f9bf7d22e056f9726cee5017fbf19e2e9"
    integrity sha1-vgWtf5v30i4Fb5cmzuUBf78Z4uk=
  
  resolve@^1.20.0:
    version "1.20.0"
    resolved "http://npm.zhaogangren.com/resolve/-/resolve-1.20.0.tgz#629a013fb3f70755d6f0b7935cc1c2c5378b1975"
    integrity sha1-YpoBP7P3B1XW8LeTXMHCxTeLGXU=
    dependencies:
      is-core-module "^2.2.0"
      path-parse "^1.0.6"
  
  rmc-align@~1.0.0:
    version "1.0.0"
    resolved "http://npm.zhaogangren.com/rmc-align/-/rmc-align-1.0.0.tgz#8d64ab484609a041ab424506012a15b7c5b933dd"
    integrity sha1-jWSrSEYJoEGrQkUGASoVt8W5M90=
    dependencies:
      babel-runtime "6.x"
      dom-align "1.x"
      rc-util "4.x"
  
  rmc-calendar@^1.0.0:
    version "1.1.4"
    resolved "http://npm.zhaogangren.com/rmc-calendar/-/rmc-calendar-1.1.4.tgz#7db4990087877cd49a7772f4524d33b8016d3bd2"
    integrity sha1-fbSZAIeHfNSad3L0Uk0zuAFtO9I=
    dependencies:
      babel-runtime "^6.26.0"
      rc-animate "^2.4.4"
      rmc-date-picker "^6.0.8"
  
  rmc-cascader@~5.0.0:
    version "5.0.3"
    resolved "http://npm.zhaogangren.com/rmc-cascader/-/rmc-cascader-5.0.3.tgz#c605b1eac6613e4c54aa6aed2cbae7f9c5a8c65f"
    integrity sha1-xgWx6sZhPkxUqmrtLLrn+cWoxl8=
    dependencies:
      array-tree-filter "2.1.x"
      babel-runtime "6.x"
      rmc-picker "~5.0.0"
  
  rmc-date-picker@^6.0.8:
    version "6.0.10"
    resolved "http://npm.zhaogangren.com/rmc-date-picker/-/rmc-date-picker-6.0.10.tgz#34dc7dfd424248be2d43527421576247c31583f6"
    integrity sha1-NNx9/UJCSL4tQ1J0IVdiR8MVg/Y=
    dependencies:
      babel-runtime "6.x"
      rmc-picker "~5.0.0"
  
  rmc-dialog@^1.0.1, rmc-dialog@^1.1.1:
    version "1.1.1"
    resolved "http://npm.zhaogangren.com/rmc-dialog/-/rmc-dialog-1.1.1.tgz#1d7fbc6b2cad5b0b53fbab71fe29636d76f78217"
    integrity sha1-HX+8ayytWwtT+6tx/iljbXb3ghc=
    dependencies:
      babel-runtime "6.x"
      rc-animate "2.x"
  
  rmc-drawer@^0.4.11:
    version "0.4.11"
    resolved "http://npm.zhaogangren.com/rmc-drawer/-/rmc-drawer-0.4.11.tgz#9a8c6125a4ccd37b916f32f7e8b477d11d413ee3"
    integrity sha1-moxhJaTM03uRbzL36LR30R1BPuM=
    dependencies:
      babel-runtime "6.x"
      classnames "^2.2.4"
      prop-types "^15.5.10"
  
  rmc-feedback@^2.0.0:
    version "2.0.0"
    resolved "http://npm.zhaogangren.com/rmc-feedback/-/rmc-feedback-2.0.0.tgz#cbc6cb3ae63c7a635eef0e25e4fbaf5ac366eeaa"
    integrity sha1-y8bLOuY8emNe7w4l5PuvWsNm7qo=
    dependencies:
      babel-runtime "6.x"
      classnames "^2.2.5"
  
  rmc-input-number@^1.0.0:
    version "1.0.5"
    resolved "http://npm.zhaogangren.com/rmc-input-number/-/rmc-input-number-1.0.5.tgz#42e02a27b0c3c366be9ff0ce19d818b71e406f8f"
    integrity sha1-QuAqJ7DDw2a+n/DOGdgYtx5Ab48=
    dependencies:
      babel-runtime "6.x"
      classnames "^2.2.0"
      rmc-feedback "^2.0.0"
  
  rmc-list-view@^0.11.0:
    version "0.11.5"
    resolved "http://npm.zhaogangren.com/rmc-list-view/-/rmc-list-view-0.11.5.tgz#8e152a5dbec6aec45a8ccd1f33cb8ef140b93a1e"
    integrity sha1-jhUqXb7GrsRajM0fM8uO8UC5Oh4=
    dependencies:
      babel-runtime "6.x"
      classnames "^2.2.5"
      fbjs "^0.8.3"
      prop-types "^15.5.8"
      warning "^3.0.0"
      zscroller "~0.4.0"
  
  rmc-notification@~1.0.0:
    version "1.0.0"
    resolved "http://npm.zhaogangren.com/rmc-notification/-/rmc-notification-1.0.0.tgz#1fcee98f99b9733f7ce63a91d7663a578743d075"
    integrity sha1-H87pj5m5cz985jqR12Y6V4dD0HU=
    dependencies:
      babel-runtime "6.x"
      classnames "2.x"
      prop-types "^15.5.8"
      rc-animate "2.x"
      rc-util "^4.0.4"
  
  rmc-nuka-carousel@~3.0.0:
    version "3.0.1"
    resolved "http://npm.zhaogangren.com/rmc-nuka-carousel/-/rmc-nuka-carousel-3.0.1.tgz#a2a997676b0f986354976dac39ec66d8701b4b71"
    integrity sha1-oqmXZ2sPmGNUl22sOexm2HAbS3E=
    dependencies:
      exenv "^1.2.0"
      raf "^3.3.2"
  
  rmc-picker@~5.0.0:
    version "5.0.10"
    resolved "http://npm.zhaogangren.com/rmc-picker/-/rmc-picker-5.0.10.tgz#9ca0acf45ad2c8afe9015a103a898436d825e18f"
    integrity sha1-nKCs9FrSyK/pAVoQOomENtgl4Y8=
    dependencies:
      babel-runtime "6.x"
      classnames "^2.2.6"
      rmc-dialog "^1.1.1"
      rmc-feedback "^2.0.0"
  
  rmc-pull-to-refresh@~1.0.1:
    version "1.0.13"
    resolved "http://npm.zhaogangren.com/rmc-pull-to-refresh/-/rmc-pull-to-refresh-1.0.13.tgz#8fc1bd36c9b09fcd50e8d8632f556b6a8462ef1a"
    integrity sha1-j8G9Nsmwn81Q6NhjL1VraoRi7xo=
    dependencies:
      babel-runtime "6.x"
      classnames "^2.2.5"
  
  rmc-steps@~1.0.0:
    version "1.0.1"
    resolved "http://npm.zhaogangren.com/rmc-steps/-/rmc-steps-1.0.1.tgz#b63a0f1ddd2826d03b1bcec85963077255e8f798"
    integrity sha1-tjoPHd0oJtA7G87IWWMHclXo95g=
    dependencies:
      babel-runtime "^6.23.0"
      classnames "^2.2.3"
  
  rmc-tabs@~1.2.0:
    version "1.2.29"
    resolved "http://npm.zhaogangren.com/rmc-tabs/-/rmc-tabs-1.2.29.tgz#dd2191525debbf8521e85aeb6d97670f652e4c83"
    integrity sha1-3SGRUl3rv4Uh6FrrbZdnD2UuTIM=
    dependencies:
      babel-runtime "6.x"
      rc-gesture "~0.0.18"
  
  rmc-tooltip@~1.0.0:
    version "1.0.1"
    resolved "http://npm.zhaogangren.com/rmc-tooltip/-/rmc-tooltip-1.0.1.tgz#5af16a3e8f764fa26d2b11932975bd88b1d848d2"
    integrity sha1-WvFqPo92T6JtKxGTKXW9iLHYSNI=
    dependencies:
      babel-runtime "6.x"
      rmc-trigger "1.x"
  
  rmc-trigger@1.x:
    version "1.0.12"
    resolved "http://npm.zhaogangren.com/rmc-trigger/-/rmc-trigger-1.0.12.tgz#34df10a16f1fc8f9e8b14d13d58cabe294ab7488"
    integrity sha1-NN8QoW8fyPnosU0T1Yyr4pSrdIg=
    dependencies:
      babel-runtime "6.x"
      rc-animate "2.x"
      rc-util "4.x"
      rmc-align "~1.0.0"
  
  rollup@^2.38.5:
    version "2.56.3"
    resolved "http://npm.zhaogangren.com/rollup/-/rollup-2.56.3.tgz#b63edadd9851b0d618a6d0e6af8201955a77aeff"
    integrity sha1-tj7a3ZhRsNYYptDmr4IBlVp3rv8=
    optionalDependencies:
      fsevents "~2.3.2"
  
  safe-buffer@~5.1.1:
    version "5.1.2"
    resolved "http://npm.zhaogangren.com/safe-buffer/-/safe-buffer-5.1.2.tgz#991ec69d296e0313747d59bdfd2b745c35f8828d"
    integrity sha1-mR7GnSluAxN0fVm9/St0XDX4go0=
  
  "safer-buffer@>= 2.1.2 < 3.0.0":
    version "2.1.2"
    resolved "http://npm.zhaogangren.com/safer-buffer/-/safer-buffer-2.1.2.tgz#44fa161b0187b9549dd84bb91802f9bd8385cd6a"
    integrity sha1-RPoWGwGHuVSd2Eu5GAL5vYOFzWo=
  
  scheduler@^0.20.2:
    version "0.20.2"
    resolved "http://npm.zhaogangren.com/scheduler/-/scheduler-0.20.2.tgz#4baee39436e34aa93b4874bddcbf0fe8b8b50e91"
    integrity sha1-S67jlDbjSqk7SHS93L8P6Li1DpE=
    dependencies:
      loose-envify "^1.1.0"
      object-assign "^4.1.1"
  
  semver@^6.3.0:
    version "6.3.0"
    resolved "http://npm.zhaogangren.com/semver/-/semver-6.3.0.tgz#ee0a64c8af5e8ceea67687b133761e1becbd1d3d"
    integrity sha1-7gpkyK9ejO6mdoexM3YeG+y9HT0=
  
  setimmediate@^1.0.5:
    version "1.0.5"
    resolved "http://npm.zhaogangren.com/setimmediate/-/setimmediate-1.0.5.tgz#290cbb232e306942d7d7ea9b83732ab7856f8285"
    integrity sha1-KQy7Iy4waULX1+qbg3Mqt4VvgoU=
  
  shallowequal@^1.0.1, shallowequal@^1.1.0:
    version "1.1.0"
    resolved "http://npm.zhaogangren.com/shallowequal/-/shallowequal-1.1.0.tgz#188d521de95b9087404fd4dcb68b13df0ae4e7f8"
    integrity sha1-GI1SHelbkIdAT9TctosT3wrk5/g=
  
  source-map-js@^0.6.2:
    version "0.6.2"
    resolved "http://npm.zhaogangren.com/source-map-js/-/source-map-js-0.6.2.tgz#0bb5de631b41cfbda6cfba8bd05a80efdfd2385e"
    integrity sha1-C7XeYxtBz72mz7qL0FqA79/SOF4=
  
  source-map@^0.5.0:
    version "0.5.7"
    resolved "http://npm.zhaogangren.com/source-map/-/source-map-0.5.7.tgz#8a039d2d1021d22d1ea14c80d8ea468ba2ef3fcc"
    integrity sha1-igOdLRAh0i0eoUyA2OpGi6LvP8w=
  
  supports-color@^5.3.0:
    version "5.5.0"
    resolved "http://npm.zhaogangren.com/supports-color/-/supports-color-5.5.0.tgz#e2e69a44ac8772f78a1ec0b35b689df6530efc8f"
    integrity sha1-4uaaRKyHcveKHsCzW2id9lMO/I8=
    dependencies:
      has-flag "^3.0.0"
  
  to-fast-properties@^2.0.0:
    version "2.0.0"
    resolved "http://npm.zhaogangren.com/to-fast-properties/-/to-fast-properties-2.0.0.tgz#dc5e698cbd079265bc73e0377681a4e4e83f616e"
    integrity sha1-3F5pjL0HkmW8c+A3doGk5Og/YW4=
  
  tween-functions@^1.0.1:
    version "1.2.0"
    resolved "http://npm.zhaogangren.com/tween-functions/-/tween-functions-1.2.0.tgz#1ae3a50e7c60bb3def774eac707acbca73bbc3ff"
    integrity sha1-GuOlDnxguz3vd06scHrLynO7w/8=
  
  typescript@^4.3.2:
    version "4.4.2"
    resolved "http://npm.zhaogangren.com/typescript/-/typescript-4.4.2.tgz#6d618640d430e3569a1dfb44f7d7e600ced3ee86"
    integrity sha1-bWGGQNQw41aaHftE99fmAM7T7oY=
  
  ua-parser-js@^0.7.18:
    version "0.7.28"
    resolved "http://npm.zhaogangren.com/ua-parser-js/-/ua-parser-js-0.7.28.tgz#8ba04e653f35ce210239c64661685bf9121dec31"
    integrity sha1-i6BOZT81ziECOcZGYWhb+RId7DE=
  
  vite@^2.5.4:
    version "2.5.6"
    resolved "http://npm.zhaogangren.com/vite/-/vite-2.5.6.tgz#51431bb5b99b041289595300ba15947bad0f89aa"
    integrity sha1-UUMbtbmbBBKJWVMAuhWUe60Piao=
    dependencies:
      esbuild "^0.12.17"
      postcss "^8.3.6"
      resolve "^1.20.0"
      rollup "^2.38.5"
    optionalDependencies:
      fsevents "~2.3.2"
  
  warning@^3.0.0:
    version "3.0.0"
    resolved "http://npm.zhaogangren.com/warning/-/warning-3.0.0.tgz#32e5377cb572de4ab04753bdf8821c01ed605b7c"
    integrity sha1-MuU3fLVy3kqwR1O9+IIcAe1gW3w=
    dependencies:
      loose-envify "^1.0.0"
  
  whatwg-fetch@>=0.10.0:
    version "3.6.2"
    resolved "http://npm.zhaogangren.com/whatwg-fetch/-/whatwg-fetch-3.6.2.tgz#dced24f37f2624ed0281725d51d0e2e3fe677f8c"
    integrity sha1-3O0k838mJO0CgXJdUdDi4/5nf4w=
  
  zscroller@~0.4.0:
    version "0.4.8"
    resolved "http://npm.zhaogangren.com/zscroller/-/zscroller-0.4.8.tgz#69eed68690808eedf81f9714014356b36cdd20f4"
    integrity sha1-ae7WhpCAju34H5cUAUNWs2zdIPQ=
    dependencies:
      babel-runtime "6.x"
